Performing C SOURCE FILE Test CMAKE_HAVE_LIBC_PTHREAD failed with the following output:
Change Dir: /home/me-an-intellectuel/Bureau/Perso/OpenGl/triangleCode/CMakeFiles/CMakeTmp

Run Build Command(s):/usr/bin/make cmTC_3ceee/fast && make[1] : on entre dans le répertoire « /home/me-an-intellectuel/Bureau/Perso/OpenGl/triangleCode/CMakeFiles/CMakeTmp »
/usr/bin/make -f CMakeFiles/cmTC_3ceee.dir/build.make CMakeFiles/cmTC_3ceee.dir/build
make[2] : on entre dans le répertoire « /home/me-an-intellectuel/Bureau/Perso/OpenGl/triangleCode/CMakeFiles/CMakeTmp »
Building C object CMakeFiles/cmTC_3ceee.dir/src.c.o
/usr/bin/cc   -DCMAKE_HAVE_LIBC_PTHREAD   -o CMakeFiles/cmTC_3ceee.dir/src.c.o   -c /home/me-an-intellectuel/Bureau/Perso/OpenGl/triangleCode/CMakeFiles/CMakeTmp/src.c
Linking C executable cmTC_3ceee
/usr/bin/cmake -E cmake_link_script CMakeFiles/cmTC_3ceee.dir/link.txt --verbose=1
/usr/bin/cc  -DCMAKE_HAVE_LIBC_PTHREAD    -rdynamic CMakeFiles/cmTC_3ceee.dir/src.c.o  -o cmTC_3ceee 
/usr/bin/ld : CMakeFiles/cmTC_3ceee.dir/src.c.o : dans la fonction « main » :
src.c:(.text+0x46) : référence indéfinie vers « pthread_create »
/usr/bin/ld : src.c:(.text+0x52) : référence indéfinie vers « pthread_detach »
/usr/bin/ld : src.c:(.text+0x63) : référence indéfinie vers « pthread_join »
collect2: error: ld returned 1 exit status
make[2]: *** [CMakeFiles/cmTC_3ceee.dir/build.make:87 : cmTC_3ceee] Erreur 1
make[2] : on quitte le répertoire « /home/me-an-intellectuel/Bureau/Perso/OpenGl/triangleCode/CMakeFiles/CMakeTmp »
make[1]: *** [Makefile:121 : cmTC_3ceee/fast] Erreur 2
make[1] : on quitte le répertoire « /home/me-an-intellectuel/Bureau/Perso/OpenGl/triangleCode/CMakeFiles/CMakeTmp »


Source file was:
#include <pthread.h>

void* test_func(void* data)
{
  return data;
}

int main(void)
{
  pthread_t thread;
  pthread_create(&thread, NULL, test_func, NULL);
  pthread_detach(thread);
  pthread_join(thread, NULL);
  pthread_atfork(NULL, NULL, NULL);
  pthread_exit(NULL);

  return 0;
}

Determining if the function pthread_create exists in the pthreads failed with the following output:
Change Dir: /home/me-an-intellectuel/Bureau/Perso/OpenGl/triangleCode/CMakeFiles/CMakeTmp

Run Build Command(s):/usr/bin/make cmTC_c4874/fast && make[1] : on entre dans le répertoire « /home/me-an-intellectuel/Bureau/Perso/OpenGl/triangleCode/CMakeFiles/CMakeTmp »
/usr/bin/make -f CMakeFiles/cmTC_c4874.dir/build.make CMakeFiles/cmTC_c4874.dir/build
make[2] : on entre dans le répertoire « /home/me-an-intellectuel/Bureau/Perso/OpenGl/triangleCode/CMakeFiles/CMakeTmp »
Building C object CMakeFiles/cmTC_c4874.dir/CheckFunctionExists.c.o
/usr/bin/cc   -DCHECK_FUNCTION_EXISTS=pthread_create   -o CMakeFiles/cmTC_c4874.dir/CheckFunctionExists.c.o   -c /usr/share/cmake-3.16/Modules/CheckFunctionExists.c
Linking C executable cmTC_c4874
/usr/bin/cmake -E cmake_link_script CMakeFiles/cmTC_c4874.dir/link.txt --verbose=1
/usr/bin/cc  -DCHECK_FUNCTION_EXISTS=pthread_create    -rdynamic CMakeFiles/cmTC_c4874.dir/CheckFunctionExists.c.o  -o cmTC_c4874  -lpthreads 
/usr/bin/ld : ne peut trouver -lpthreads
collect2: error: ld returned 1 exit status
make[2]: *** [CMakeFiles/cmTC_c4874.dir/build.make:87 : cmTC_c4874] Erreur 1
make[2] : on quitte le répertoire « /home/me-an-intellectuel/Bureau/Perso/OpenGl/triangleCode/CMakeFiles/CMakeTmp »
make[1]: *** [Makefile:121 : cmTC_c4874/fast] Erreur 2
make[1] : on quitte le répertoire « /home/me-an-intellectuel/Bureau/Perso/OpenGl/triangleCode/CMakeFiles/CMakeTmp »



Performing C SOURCE FILE Test CMAKE_HAVE_LIBC_PTHREAD failed with the following output:
Change Dir: /home/me-an-intellectuel/Bureau/Perso/OpenGl/triangleCode/CMakeFiles/CMakeTmp

Run Build Command(s):/usr/bin/make cmTC_6013e/fast && /usr/bin/make -f CMakeFiles/cmTC_6013e.dir/build.make CMakeFiles/cmTC_6013e.dir/build
make[1] : on entre dans le répertoire « /home/me-an-intellectuel/Bureau/Perso/OpenGl/triangleCode/CMakeFiles/CMakeTmp »
Building C object CMakeFiles/cmTC_6013e.dir/src.c.o
/usr/bin/cc   -DCMAKE_HAVE_LIBC_PTHREAD   -o CMakeFiles/cmTC_6013e.dir/src.c.o   -c /home/me-an-intellectuel/Bureau/Perso/OpenGl/triangleCode/CMakeFiles/CMakeTmp/src.c
Linking C executable cmTC_6013e
/usr/bin/cmake -E cmake_link_script CMakeFiles/cmTC_6013e.dir/link.txt --verbose=1
/usr/bin/cc  -DCMAKE_HAVE_LIBC_PTHREAD    -rdynamic CMakeFiles/cmTC_6013e.dir/src.c.o  -o cmTC_6013e 
/usr/bin/ld : CMakeFiles/cmTC_6013e.dir/src.c.o : dans la fonction « main » :
src.c:(.text+0x46) : référence indéfinie vers « pthread_create »
/usr/bin/ld : src.c:(.text+0x52) : référence indéfinie vers « pthread_detach »
/usr/bin/ld : src.c:(.text+0x63) : référence indéfinie vers « pthread_join »
collect2: error: ld returned 1 exit status
make[1]: *** [CMakeFiles/cmTC_6013e.dir/build.make:87 : cmTC_6013e] Erreur 1
make[1] : on quitte le répertoire « /home/me-an-intellectuel/Bureau/Perso/OpenGl/triangleCode/CMakeFiles/CMakeTmp »
make: *** [Makefile:121 : cmTC_6013e/fast] Erreur 2


Source file was:
#include <pthread.h>

void* test_func(void* data)
{
  return data;
}

int main(void)
{
  pthread_t thread;
  pthread_create(&thread, NULL, test_func, NULL);
  pthread_detach(thread);
  pthread_join(thread, NULL);
  pthread_atfork(NULL, NULL, NULL);
  pthread_exit(NULL);

  return 0;
}

Determining if the function pthread_create exists in the pthreads failed with the following output:
Change Dir: /home/me-an-intellectuel/Bureau/Perso/OpenGl/triangleCode/CMakeFiles/CMakeTmp

Run Build Command(s):/usr/bin/make cmTC_4111c/fast && /usr/bin/make -f CMakeFiles/cmTC_4111c.dir/build.make CMakeFiles/cmTC_4111c.dir/build
make[1] : on entre dans le répertoire « /home/me-an-intellectuel/Bureau/Perso/OpenGl/triangleCode/CMakeFiles/CMakeTmp »
Building C object CMakeFiles/cmTC_4111c.dir/CheckFunctionExists.c.o
/usr/bin/cc   -DCHECK_FUNCTION_EXISTS=pthread_create   -o CMakeFiles/cmTC_4111c.dir/CheckFunctionExists.c.o   -c /usr/share/cmake-3.16/Modules/CheckFunctionExists.c
Linking C executable cmTC_4111c
/usr/bin/cmake -E cmake_link_script CMakeFiles/cmTC_4111c.dir/link.txt --verbose=1
/usr/bin/cc  -DCHECK_FUNCTION_EXISTS=pthread_create    -rdynamic CMakeFiles/cmTC_4111c.dir/CheckFunctionExists.c.o  -o cmTC_4111c  -lpthreads 
/usr/bin/ld : ne peut trouver -lpthreads
collect2: error: ld returned 1 exit status
make[1]: *** [CMakeFiles/cmTC_4111c.dir/build.make:87 : cmTC_4111c] Erreur 1
make[1] : on quitte le répertoire « /home/me-an-intellectuel/Bureau/Perso/OpenGl/triangleCode/CMakeFiles/CMakeTmp »
make: *** [Makefile:121 : cmTC_4111c/fast] Erreur 2



